2017-09-19 19:22:28.403  INFO 38507 --- [main] com.zhiyuan.finance.banking_copy.App     : Starting App on ZHIYUANs-MacBook-Pro.local with PID 38507 (/Users/zhiyuanyao/Documents/workspace-sts-3.9.0.RELEASE/banking_copy/target/classes started by zhiyuanyao in /Users/zhiyuanyao/Documents/workspace-sts-3.9.0.RELEASE/banking_copy)
2017-09-19 19:22:28.405  INFO 38507 --- [main] com.zhiyuan.finance.banking_copy.App     : The following profiles are active: qa
2017-09-19 19:22:28.439  INFO 38507 --- [main] ationConfigEmbeddedWebApplicationContext : Refreshing org.springframework.boot.context.embedded.AnnotationConfigEmbeddedWebApplicationContext@78dd667e: startup date [Tue Sep 19 19:22:28 PDT 2017]; root of context hierarchy
2017-09-19 19:22:29.092  INFO 38507 --- [main] s.b.c.e.t.TomcatEmbeddedServletContainer : Tomcat initialized with port(s): 9090 (http)
2017-09-19 19:22:29.100  INFO 38507 --- [main] o.apache.catalina.core.StandardService   : Starting service [Tomcat]
2017-09-19 19:22:29.101  INFO 38507 --- [main] org.apache.catalina.core.StandardEngine  : Starting Servlet Engine: Apache Tomcat/8.5.20
2017-09-19 19:22:29.154  INFO 38507 --- [localhost-startStop-1] o.a.c.c.C.[Tomcat].[localhost].[/]       : Initializing Spring embedded WebApplicationContext
2017-09-19 19:22:29.155  INFO 38507 --- [localhost-startStop-1] o.s.web.context.ContextLoader            : Root WebApplicationContext: initialization completed in 718 ms
2017-09-19 19:22:29.239  INFO 38507 --- [localhost-startStop-1] o.s.b.w.servlet.ServletRegistrationBean  : Mapping servlet: 'dispatcherServlet' to [/]
2017-09-19 19:22:29.241  INFO 38507 --- [localhost-startStop-1] o.s.b.w.servlet.FilterRegistrationBean   : Mapping filter: 'characterEncodingFilter' to: [/*]
2017-09-19 19:22:29.242  INFO 38507 --- [localhost-startStop-1] o.s.b.w.servlet.FilterRegistrationBean   : Mapping filter: 'hiddenHttpMethodFilter' to: [/*]
2017-09-19 19:22:29.242  INFO 38507 --- [localhost-startStop-1] o.s.b.w.servlet.FilterRegistrationBean   : Mapping filter: 'httpPutFormContentFilter' to: [/*]
2017-09-19 19:22:29.242  INFO 38507 --- [localhost-startStop-1] o.s.b.w.servlet.FilterRegistrationBean   : Mapping filter: 'requestContextFilter' to: [/*]
2017-09-19 19:22:29.439  INFO 38507 --- [main] s.w.s.m.m.a.RequestMappingHandlerAdapter : Looking for @ControllerAdvice: org.springframework.boot.context.embedded.AnnotationConfigEmbeddedWebApplicationContext@78dd667e: startup date [Tue Sep 19 19:22:28 PDT 2017]; root of context hierarchy
2017-09-19 19:22:29.491  INFO 38507 --- [main] s.w.s.m.m.a.RequestMappingHandlerMapping : Mapped "{[/v1/user/name]}" onto public java.util.List<com.zhiyuan.finance.banking_copy.model.User> com.zhiyuan.finance.banking_copy.controller.UserController.fetchName()
2017-09-19 19:22:29.492  INFO 38507 --- [main] s.w.s.m.m.a.RequestMappingHandlerMapping : Mapped "{[/v1/user/name/{id}]}" onto public java.lang.String com.zhiyuan.finance.banking_copy.controller.UserController.fetchNameByUserId(int)
2017-09-19 19:22:29.492  INFO 38507 --- [main] s.w.s.m.m.a.RequestMappingHandlerMapping : Mapped "{[/v1/user/nameparam]}" onto public java.lang.String com.zhiyuan.finance.banking_copy.controller.UserController.fetchNameByParam(int)
2017-09-19 19:22:29.492  INFO 38507 --- [main] s.w.s.m.m.a.RequestMappingHandlerMapping : Mapped "{[/v1/user/address]}" onto public java.lang.String com.zhiyuan.finance.banking_copy.controller.UserController.fetchAddress(int,java.lang.String)
2017-09-19 19:22:29.492  INFO 38507 --- [main] s.w.s.m.m.a.RequestMappingHandlerMapping : Mapped "{[/v1/user/name],methods=[POST]}" onto public com.zhiyuan.finance.banking_copy.model.User com.zhiyuan.finance.banking_copy.controller.UserController.createUser(com.zhiyuan.finance.banking_copy.model.User)
2017-09-19 19:22:29.494  INFO 38507 --- [main] s.w.s.m.m.a.RequestMappingHandlerMapping : Mapped "{[/error]}" onto public org.springframework.http.ResponseEntity<java.util.Map<java.lang.String, java.lang.Object>> org.springframework.boot.autoconfigure.web.BasicErrorController.error(javax.servlet.http.HttpServletRequest)
2017-09-19 19:22:29.494  INFO 38507 --- [main] s.w.s.m.m.a.RequestMappingHandlerMapping : Mapped "{[/error],produces=[text/html]}" onto public org.springframework.web.servlet.ModelAndView org.springframework.boot.autoconfigure.web.BasicErrorController.errorHtml(javax.servlet.http.HttpServletRequest,javax.servlet.http.HttpServletResponse)
2017-09-19 19:22:29.509  INFO 38507 --- [main] o.s.w.s.handler.SimpleUrlHandlerMapping  : Mapped URL path [/webjars/**] onto handler of type [class org.springframework.web.servlet.resource.ResourceHttpRequestHandler]
2017-09-19 19:22:29.509  INFO 38507 --- [main] o.s.w.s.handler.SimpleUrlHandlerMapping  : Mapped URL path [/**] onto handler of type [class org.springframework.web.servlet.resource.ResourceHttpRequestHandler]
2017-09-19 19:22:29.529  INFO 38507 --- [main] o.s.w.s.handler.SimpleUrlHandlerMapping  : Mapped URL path [/**/favicon.ico] onto handler of type [class org.springframework.web.servlet.resource.ResourceHttpRequestHandler]
2017-09-19 19:22:29.618  INFO 38507 --- [main] o.s.j.e.a.AnnotationMBeanExporter        : Registering beans for JMX exposure on startup
2017-09-19 19:22:29.661  INFO 38507 --- [main] s.b.c.e.t.TomcatEmbeddedServletContainer : Tomcat started on port(s): 9090 (http)
2017-09-19 19:22:29.665  INFO 38507 --- [main] com.zhiyuan.finance.banking_copy.App     : Started App in 11.46 seconds (JVM running for 21.864)
2017-09-19 19:22:36.863  INFO 38507 --- [http-nio-9090-exec-1] o.a.c.c.C.[Tomcat].[localhost].[/]       : Initializing Spring FrameworkServlet 'dispatcherServlet'
2017-09-19 19:22:36.863  INFO 38507 --- [http-nio-9090-exec-1] o.s.web.servlet.DispatcherServlet        : FrameworkServlet 'dispatcherServlet': initialization started
2017-09-19 19:22:36.875  INFO 38507 --- [http-nio-9090-exec-1] o.s.web.servlet.DispatcherServlet        : FrameworkServlet 'dispatcherServlet': initialization completed in 12 ms
2017-09-19 19:22:36.982  INFO 38507 --- [http-nio-9090-exec-1] c.z.f.b.controller.UserController        : name: Mike
2017-09-19 19:22:36.986  INFO 38507 --- [http-nio-9090-exec-1] c.z.f.b.controller.UserController        : city: San Jose
2017-09-19 19:22:36.987  INFO 38507 --- [http-nio-9090-exec-1] c.z.f.banking_copy.service.UserService   : Received request to create: Mike
2017-09-19 19:29:33.881  INFO 38507 --- [RMI TCP Connection(2)-127.0.0.1] inMXBeanRegistrar$SpringApplicationAdmin : Application shutdown requested.
2017-09-19 19:29:33.881  INFO 38507 --- [RMI TCP Connection(2)-127.0.0.1] ationConfigEmbeddedWebApplicationContext : Closing org.springframework.boot.context.embedded.AnnotationConfigEmbeddedWebApplicationContext@78dd667e: startup date [Tue Sep 19 19:22:28 PDT 2017]; root of context hierarchy
2017-09-19 19:29:33.883  INFO 38507 --- [RMI TCP Connection(2)-127.0.0.1] o.s.j.e.a.AnnotationMBeanExporter        : Unregistering JMX-exposed beans on shutdown
2017-09-19 19:30:36.144  INFO 38542 --- [main] com.zhiyuan.finance.banking_copy.App     : Starting App on ZHIYUANs-MacBook-Pro.local with PID 38542 (/Users/zhiyuanyao/Documents/workspace-sts-3.9.0.RELEASE/banking_copy/target/classes started by zhiyuanyao in /Users/zhiyuanyao/Documents/workspace-sts-3.9.0.RELEASE/banking_copy)
2017-09-19 19:30:36.146  INFO 38542 --- [main] com.zhiyuan.finance.banking_copy.App     : The following profiles are active: qa
2017-09-19 19:30:36.180  INFO 38542 --- [main] ationConfigEmbeddedWebApplicationContext : Refreshing org.springframework.boot.context.embedded.AnnotationConfigEmbeddedWebApplicationContext@78dd667e: startup date [Tue Sep 19 19:30:36 PDT 2017]; root of context hierarchy
2017-09-19 19:30:36.819  INFO 38542 --- [main] s.b.c.e.t.TomcatEmbeddedServletContainer : Tomcat initialized with port(s): 9090 (http)
2017-09-19 19:30:36.827  INFO 38542 --- [main] o.apache.catalina.core.StandardService   : Starting service [Tomcat]
2017-09-19 19:30:36.828  INFO 38542 --- [main] org.apache.catalina.core.StandardEngine  : Starting Servlet Engine: Apache Tomcat/8.5.20
2017-09-19 19:30:36.879  INFO 38542 --- [localhost-startStop-1] o.a.c.c.C.[Tomcat].[localhost].[/]       : Initializing Spring embedded WebApplicationContext
2017-09-19 19:30:36.880  INFO 38542 --- [localhost-startStop-1] o.s.web.context.ContextLoader            : Root WebApplicationContext: initialization completed in 702 ms
2017-09-19 19:30:36.962  INFO 38542 --- [localhost-startStop-1] o.s.b.w.servlet.ServletRegistrationBean  : Mapping servlet: 'dispatcherServlet' to [/]
2017-09-19 19:30:36.965  INFO 38542 --- [localhost-startStop-1] o.s.b.w.servlet.FilterRegistrationBean   : Mapping filter: 'characterEncodingFilter' to: [/*]
2017-09-19 19:30:36.965  INFO 38542 --- [localhost-startStop-1] o.s.b.w.servlet.FilterRegistrationBean   : Mapping filter: 'hiddenHttpMethodFilter' to: [/*]
2017-09-19 19:30:36.965  INFO 38542 --- [localhost-startStop-1] o.s.b.w.servlet.FilterRegistrationBean   : Mapping filter: 'httpPutFormContentFilter' to: [/*]
2017-09-19 19:30:36.965  INFO 38542 --- [localhost-startStop-1] o.s.b.w.servlet.FilterRegistrationBean   : Mapping filter: 'requestContextFilter' to: [/*]
2017-09-19 19:30:37.145  INFO 38542 --- [main] s.w.s.m.m.a.RequestMappingHandlerAdapter : Looking for @ControllerAdvice: org.springframework.boot.context.embedded.AnnotationConfigEmbeddedWebApplicationContext@78dd667e: startup date [Tue Sep 19 19:30:36 PDT 2017]; root of context hierarchy
2017-09-19 19:30:37.199  INFO 38542 --- [main] s.w.s.m.m.a.RequestMappingHandlerMapping : Mapped "{[/v1/user/name]}" onto public java.util.List<com.zhiyuan.finance.banking_copy.model.User> com.zhiyuan.finance.banking_copy.controller.UserController.fetchName()
2017-09-19 19:30:37.200  INFO 38542 --- [main] s.w.s.m.m.a.RequestMappingHandlerMapping : Mapped "{[/v1/user/name/{id}]}" onto public java.lang.String com.zhiyuan.finance.banking_copy.controller.UserController.fetchNameByUserId(int)
2017-09-19 19:30:37.200  INFO 38542 --- [main] s.w.s.m.m.a.RequestMappingHandlerMapping : Mapped "{[/v1/user/nameparam]}" onto public java.lang.String com.zhiyuan.finance.banking_copy.controller.UserController.fetchNameByParam(int)
2017-09-19 19:30:37.200  INFO 38542 --- [main] s.w.s.m.m.a.RequestMappingHandlerMapping : Mapped "{[/v1/user/address]}" onto public java.lang.String com.zhiyuan.finance.banking_copy.controller.UserController.fetchAddress(int,java.lang.String)
2017-09-19 19:30:37.200  INFO 38542 --- [main] s.w.s.m.m.a.RequestMappingHandlerMapping : Mapped "{[/v1/user/name],methods=[POST]}" onto public com.zhiyuan.finance.banking_copy.model.User com.zhiyuan.finance.banking_copy.controller.UserController.createUser(com.zhiyuan.finance.banking_copy.model.User)
2017-09-19 19:30:37.202  INFO 38542 --- [main] s.w.s.m.m.a.RequestMappingHandlerMapping : Mapped "{[/error]}" onto public org.springframework.http.ResponseEntity<java.util.Map<java.lang.String, java.lang.Object>> org.springframework.boot.autoconfigure.web.BasicErrorController.error(javax.servlet.http.HttpServletRequest)
2017-09-19 19:30:37.203  INFO 38542 --- [main] s.w.s.m.m.a.RequestMappingHandlerMapping : Mapped "{[/error],produces=[text/html]}" onto public org.springframework.web.servlet.ModelAndView org.springframework.boot.autoconfigure.web.BasicErrorController.errorHtml(javax.servlet.http.HttpServletRequest,javax.servlet.http.HttpServletResponse)
2017-09-19 19:30:37.220  INFO 38542 --- [main] o.s.w.s.handler.SimpleUrlHandlerMapping  : Mapped URL path [/webjars/**] onto handler of type [class org.springframework.web.servlet.resource.ResourceHttpRequestHandler]
2017-09-19 19:30:37.220  INFO 38542 --- [main] o.s.w.s.handler.SimpleUrlHandlerMapping  : Mapped URL path [/**] onto handler of type [class org.springframework.web.servlet.resource.ResourceHttpRequestHandler]
2017-09-19 19:30:37.240  INFO 38542 --- [main] o.s.w.s.handler.SimpleUrlHandlerMapping  : Mapped URL path [/**/favicon.ico] onto handler of type [class org.springframework.web.servlet.resource.ResourceHttpRequestHandler]
2017-09-19 19:30:37.328  INFO 38542 --- [main] o.s.j.e.a.AnnotationMBeanExporter        : Registering beans for JMX exposure on startup
2017-09-19 19:30:37.379  INFO 38542 --- [main] s.b.c.e.t.TomcatEmbeddedServletContainer : Tomcat started on port(s): 9090 (http)
2017-09-19 19:30:37.383  INFO 38542 --- [main] com.zhiyuan.finance.banking_copy.App     : Started App in 11.434 seconds (JVM running for 21.864)
2017-09-19 19:31:01.118  INFO 38542 --- [http-nio-9090-exec-1] o.a.c.c.C.[Tomcat].[localhost].[/]       : Initializing Spring FrameworkServlet 'dispatcherServlet'
2017-09-19 19:31:01.118  INFO 38542 --- [http-nio-9090-exec-1] o.s.web.servlet.DispatcherServlet        : FrameworkServlet 'dispatcherServlet': initialization started
2017-09-19 19:31:01.128  INFO 38542 --- [http-nio-9090-exec-1] o.s.web.servlet.DispatcherServlet        : FrameworkServlet 'dispatcherServlet': initialization completed in 10 ms
2017-09-19 19:31:01.196  INFO 38542 --- [http-nio-9090-exec-1] c.z.f.b.controller.UserController        : name: Mike
2017-09-19 19:31:01.197  INFO 38542 --- [http-nio-9090-exec-1] c.z.f.b.controller.UserController        : city: San Jose
2017-09-19 19:31:01.197  INFO 38542 --- [http-nio-9090-exec-1] c.z.f.banking_copy.service.UserService   : Received request to create: Mike
2017-09-20 11:10:08.416  INFO 38542 --- [RMI TCP Connection(2)-127.0.0.1] inMXBeanRegistrar$SpringApplicationAdmin : Application shutdown requested.
2017-09-20 11:10:08.418  INFO 38542 --- [RMI TCP Connection(2)-127.0.0.1] ationConfigEmbeddedWebApplicationContext : Closing org.springframework.boot.context.embedded.AnnotationConfigEmbeddedWebApplicationContext@78dd667e: startup date [Tue Sep 19 19:30:36 PDT 2017]; root of context hierarchy
2017-09-20 11:10:08.426  INFO 38542 --- [RMI TCP Connection(2)-127.0.0.1] o.s.j.e.a.AnnotationMBeanExporter        : Unregistering JMX-exposed beans on shutdown
2017-10-02 18:49:44.537  INFO 664 --- [main] com.zhiyuan.finance.banking_copy.App     : Starting App on ZHIYUANs-MacBook-Pro.local with PID 664 (/Users/zhiyuanyao/Documents/workspace-sts-3.9.0.RELEASE/banking_copy/target/classes started by zhiyuanyao in /Users/zhiyuanyao/Documents/workspace-sts-3.9.0.RELEASE/banking_copy)
2017-10-02 18:49:44.539  INFO 664 --- [main] com.zhiyuan.finance.banking_copy.App     : The following profiles are active: qa
2017-10-02 18:49:44.594  INFO 664 --- [main] ationConfigEmbeddedWebApplicationContext : Refreshing org.springframework.boot.context.embedded.AnnotationConfigEmbeddedWebApplicationContext@6b4a4e18: startup date [Mon Oct 02 18:49:44 PDT 2017]; root of context hierarchy
2017-10-02 18:49:45.671  INFO 664 --- [main] s.b.c.e.t.TomcatEmbeddedServletContainer : Tomcat initialized with port(s): 9090 (http)
2017-10-02 18:49:45.684  INFO 664 --- [main] o.apache.catalina.core.StandardService   : Starting service [Tomcat]
2017-10-02 18:49:45.685  INFO 664 --- [main] org.apache.catalina.core.StandardEngine  : Starting Servlet Engine: Apache Tomcat/8.5.20
2017-10-02 18:49:45.766  INFO 664 --- [localhost-startStop-1] o.a.c.c.C.[Tomcat].[localhost].[/]       : Initializing Spring embedded WebApplicationContext
2017-10-02 18:49:45.766  INFO 664 --- [localhost-startStop-1] o.s.web.context.ContextLoader            : Root WebApplicationContext: initialization completed in 1174 ms
2017-10-02 18:49:45.883  INFO 664 --- [localhost-startStop-1] o.s.b.w.servlet.ServletRegistrationBean  : Mapping servlet: 'dispatcherServlet' to [/]
2017-10-02 18:49:45.886  INFO 664 --- [localhost-startStop-1] o.s.b.w.servlet.FilterRegistrationBean   : Mapping filter: 'characterEncodingFilter' to: [/*]
2017-10-02 18:49:45.887  INFO 664 --- [localhost-startStop-1] o.s.b.w.servlet.FilterRegistrationBean   : Mapping filter: 'hiddenHttpMethodFilter' to: [/*]
2017-10-02 18:49:45.887  INFO 664 --- [localhost-startStop-1] o.s.b.w.servlet.FilterRegistrationBean   : Mapping filter: 'httpPutFormContentFilter' to: [/*]
2017-10-02 18:49:45.887  INFO 664 --- [localhost-startStop-1] o.s.b.w.servlet.FilterRegistrationBean   : Mapping filter: 'requestContextFilter' to: [/*]
2017-10-02 18:49:46.297  INFO 664 --- [main] s.w.s.m.m.a.RequestMappingHandlerAdapter : Looking for @ControllerAdvice: org.springframework.boot.context.embedded.AnnotationConfigEmbeddedWebApplicationContext@6b4a4e18: startup date [Mon Oct 02 18:49:44 PDT 2017]; root of context hierarchy
2017-10-02 18:49:46.370  INFO 664 --- [main] s.w.s.m.m.a.RequestMappingHandlerMapping : Mapped "{[/v1/user/name]}" onto public java.util.List<com.zhiyuan.finance.banking_copy.model.User> com.zhiyuan.finance.banking_copy.controller.UserController.fetchName()
2017-10-02 18:49:46.371  INFO 664 --- [main] s.w.s.m.m.a.RequestMappingHandlerMapping : Mapped "{[/v1/user/name/{id}]}" onto public java.lang.String com.zhiyuan.finance.banking_copy.controller.UserController.fetchNameByUserId(int)
2017-10-02 18:49:46.372  INFO 664 --- [main] s.w.s.m.m.a.RequestMappingHandlerMapping : Mapped "{[/v1/user/nameparam]}" onto public java.lang.String com.zhiyuan.finance.banking_copy.controller.UserController.fetchNameByParam(int)
2017-10-02 18:49:46.372  INFO 664 --- [main] s.w.s.m.m.a.RequestMappingHandlerMapping : Mapped "{[/v1/user/address]}" onto public java.lang.String com.zhiyuan.finance.banking_copy.controller.UserController.fetchAddress(int,java.lang.String)
2017-10-02 18:49:46.373  INFO 664 --- [main] s.w.s.m.m.a.RequestMappingHandlerMapping : Mapped "{[/v1/user/name],methods=[POST]}" onto public com.zhiyuan.finance.banking_copy.model.User com.zhiyuan.finance.banking_copy.controller.UserController.createUser(com.zhiyuan.finance.banking_copy.model.User)
2017-10-02 18:49:46.375  INFO 664 --- [main] s.w.s.m.m.a.RequestMappingHandlerMapping : Mapped "{[/error]}" onto public org.springframework.http.ResponseEntity<java.util.Map<java.lang.String, java.lang.Object>> org.springframework.boot.autoconfigure.web.BasicErrorController.error(javax.servlet.http.HttpServletRequest)
2017-10-02 18:49:46.375  INFO 664 --- [main] s.w.s.m.m.a.RequestMappingHandlerMapping : Mapped "{[/error],produces=[text/html]}" onto public org.springframework.web.servlet.ModelAndView org.springframework.boot.autoconfigure.web.BasicErrorController.errorHtml(javax.servlet.http.HttpServletRequest,javax.servlet.http.HttpServletResponse)
2017-10-02 18:49:46.418  INFO 664 --- [main] o.s.w.s.handler.SimpleUrlHandlerMapping  : Mapped URL path [/webjars/**] onto handler of type [class org.springframework.web.servlet.resource.ResourceHttpRequestHandler]
2017-10-02 18:49:46.418  INFO 664 --- [main] o.s.w.s.handler.SimpleUrlHandlerMapping  : Mapped URL path [/**] onto handler of type [class org.springframework.web.servlet.resource.ResourceHttpRequestHandler]
2017-10-02 18:49:46.474  INFO 664 --- [main] o.s.w.s.handler.SimpleUrlHandlerMapping  : Mapped URL path [/**/favicon.ico] onto handler of type [class org.springframework.web.servlet.resource.ResourceHttpRequestHandler]
2017-10-02 18:49:46.648  INFO 664 --- [main] o.s.j.e.a.AnnotationMBeanExporter        : Registering beans for JMX exposure on startup
2017-10-02 18:49:46.725  INFO 664 --- [main] s.b.c.e.t.TomcatEmbeddedServletContainer : Tomcat started on port(s): 9090 (http)
2017-10-02 18:49:46.734  INFO 664 --- [main] com.zhiyuan.finance.banking_copy.App     : Started App in 12.433 seconds (JVM running for 22.908)
2017-10-02 18:50:43.006  INFO 664 --- [http-nio-9090-exec-1] o.a.c.c.C.[Tomcat].[localhost].[/]       : Initializing Spring FrameworkServlet 'dispatcherServlet'
2017-10-02 18:50:43.006  INFO 664 --- [http-nio-9090-exec-1] o.s.web.servlet.DispatcherServlet        : FrameworkServlet 'dispatcherServlet': initialization started
2017-10-02 18:50:43.023  INFO 664 --- [http-nio-9090-exec-1] o.s.web.servlet.DispatcherServlet        : FrameworkServlet 'dispatcherServlet': initialization completed in 16 ms
2017-10-02 18:50:51.704  INFO 664 --- [http-nio-9090-exec-3] c.z.f.b.controller.UserController        : name: Mike
2017-10-02 18:50:51.706  INFO 664 --- [http-nio-9090-exec-3] c.z.f.b.controller.UserController        : city: San Jose
2017-10-02 18:50:51.708  INFO 664 --- [http-nio-9090-exec-3] c.z.f.b.util.MonitoringService           : Target:com.zhiyuan.finance.banking_copy.service.UserService@62199057
2017-10-02 18:50:51.709  INFO 664 --- [http-nio-9090-exec-3] c.z.f.b.util.MonitoringService           : Before advice invoked createUser
2017-10-02 18:50:51.713  INFO 664 --- [http-nio-9090-exec-3] c.z.f.banking_copy.service.UserService   : Received request to create: Mike
2017-10-02 18:50:51.713  INFO 664 --- [http-nio-9090-exec-3] c.z.f.b.util.MonitoringService           : Target:com.zhiyuan.finance.banking_copy.service.UserService@62199057
2017-10-02 18:50:51.713  INFO 664 --- [http-nio-9090-exec-3] c.z.f.b.util.MonitoringService           : After advice invoked createUser
2017-10-02 19:02:59.017  INFO 664 --- [RMI TCP Connection(3)-127.0.0.1] inMXBeanRegistrar$SpringApplicationAdmin : Application shutdown requested.
2017-10-02 19:02:59.017  INFO 664 --- [RMI TCP Connection(4)-127.0.0.1] inMXBeanRegistrar$SpringApplicationAdmin : Application shutdown requested.
2017-10-02 19:02:59.018  INFO 664 --- [RMI TCP Connection(3)-127.0.0.1] ationConfigEmbeddedWebApplicationContext : Closing org.springframework.boot.context.embedded.AnnotationConfigEmbeddedWebApplicationContext@6b4a4e18: startup date [Mon Oct 02 18:49:44 PDT 2017]; root of context hierarchy
2017-10-02 19:02:59.019  INFO 664 --- [RMI TCP Connection(3)-127.0.0.1] o.s.j.e.a.AnnotationMBeanExporter        : Unregistering JMX-exposed beans on shutdown
2017-10-04 18:40:59.669  INFO 8089 --- [main] com.zhiyuan.finance.banking_copy.App     : Starting App on ZHIYUANs-MacBook-Pro.local with PID 8089 (/Users/zhiyuanyao/Documents/workspace-sts-3.9.0.RELEASE/banking_copy/target/classes started by zhiyuanyao in /Users/zhiyuanyao/Documents/workspace-sts-3.9.0.RELEASE/banking_copy)
2017-10-04 18:40:59.671  INFO 8089 --- [main] com.zhiyuan.finance.banking_copy.App     : The following profiles are active: qa
2017-10-04 18:40:59.711  INFO 8089 --- [main] ationConfigEmbeddedWebApplicationContext : Refreshing org.springframework.boot.context.embedded.AnnotationConfigEmbeddedWebApplicationContext@47542153: startup date [Wed Oct 04 18:40:59 PDT 2017]; root of context hierarchy
2017-10-04 18:41:01.132  INFO 8089 --- [main] s.b.c.e.t.TomcatEmbeddedServletContainer : Tomcat initialized with port(s): 9090 (http)
2017-10-04 18:41:01.142  INFO 8089 --- [main] o.apache.catalina.core.StandardService   : Starting service [Tomcat]
2017-10-04 18:41:01.142  INFO 8089 --- [main] org.apache.catalina.core.StandardEngine  : Starting Servlet Engine: Apache Tomcat/8.5.20
2017-10-04 18:41:01.214  INFO 8089 --- [localhost-startStop-1] o.a.c.c.C.[Tomcat].[localhost].[/]       : Initializing Spring embedded WebApplicationContext
2017-10-04 18:41:01.215  INFO 8089 --- [localhost-startStop-1] o.s.web.context.ContextLoader            : Root WebApplicationContext: initialization completed in 1506 ms
2017-10-04 18:41:01.371  INFO 8089 --- [localhost-startStop-1] o.s.b.w.servlet.ServletRegistrationBean  : Mapping servlet: 'dispatcherServlet' to [/]
2017-10-04 18:41:01.374  INFO 8089 --- [localhost-startStop-1] o.s.b.w.servlet.FilterRegistrationBean   : Mapping filter: 'characterEncodingFilter' to: [/*]
2017-10-04 18:41:01.374  INFO 8089 --- [localhost-startStop-1] o.s.b.w.servlet.FilterRegistrationBean   : Mapping filter: 'hiddenHttpMethodFilter' to: [/*]
2017-10-04 18:41:01.374  INFO 8089 --- [localhost-startStop-1] o.s.b.w.servlet.FilterRegistrationBean   : Mapping filter: 'httpPutFormContentFilter' to: [/*]
2017-10-04 18:41:01.374  INFO 8089 --- [localhost-startStop-1] o.s.b.w.servlet.FilterRegistrationBean   : Mapping filter: 'requestContextFilter' to: [/*]
2017-10-04 18:41:02.009  INFO 8089 --- [main] j.LocalContainerEntityManagerFactoryBean : Building JPA container EntityManagerFactory for persistence unit 'default'
2017-10-04 18:41:02.032  INFO 8089 --- [main] o.hibernate.jpa.internal.util.LogHelper  : HHH000204: Processing PersistenceUnitInfo [
	name: default
	...]
2017-10-04 18:41:02.128  INFO 8089 --- [main] org.hibernate.Version                    : HHH000412: Hibernate Core {5.0.12.Final}
2017-10-04 18:41:02.129  INFO 8089 --- [main] org.hibernate.cfg.Environment            : HHH000206: hibernate.properties not found
2017-10-04 18:41:02.133  INFO 8089 --- [main] org.hibernate.cfg.Environment            : HHH000021: Bytecode provider name : javassist
2017-10-04 18:41:02.181  INFO 8089 --- [main] o.hibernate.annotations.common.Version   : HCANN000001: Hibernate Commons Annotations {5.0.1.Final}
2017-10-04 18:41:02.386  INFO 8089 --- [main] org.hibernate.dialect.Dialect            : HHH000400: Using dialect: org.hibernate.dialect.MySQL5Dialect
2017-10-04 18:41:02.908  INFO 8089 --- [main] j.LocalContainerEntityManagerFactoryBean : Initialized JPA EntityManagerFactory for persistence unit 'default'
2017-10-04 18:41:03.501  INFO 8089 --- [main] s.w.s.m.m.a.RequestMappingHandlerAdapter : Looking for @ControllerAdvice: org.springframework.boot.context.embedded.AnnotationConfigEmbeddedWebApplicationContext@47542153: startup date [Wed Oct 04 18:40:59 PDT 2017]; root of context hierarchy
2017-10-04 18:41:03.593  INFO 8089 --- [main] s.w.s.m.m.a.RequestMappingHandlerMapping : Mapped "{[/v1/user/name]}" onto public java.util.List<com.zhiyuan.finance.banking_copy.model.User> com.zhiyuan.finance.banking_copy.controller.UserController.fetchName()
2017-10-04 18:41:03.594  INFO 8089 --- [main] s.w.s.m.m.a.RequestMappingHandlerMapping : Mapped "{[/v1/user/name/{id}]}" onto public java.lang.String com.zhiyuan.finance.banking_copy.controller.UserController.fetchNameByUserId(int)
2017-10-04 18:41:03.595  INFO 8089 --- [main] s.w.s.m.m.a.RequestMappingHandlerMapping : Mapped "{[/v1/user/nameparam]}" onto public java.lang.String com.zhiyuan.finance.banking_copy.controller.UserController.fetchNameByParam(int)
2017-10-04 18:41:03.595  INFO 8089 --- [main] s.w.s.m.m.a.RequestMappingHandlerMapping : Mapped "{[/v1/user/address]}" onto public java.lang.String com.zhiyuan.finance.banking_copy.controller.UserController.fetchAddress(int,java.lang.String)
2017-10-04 18:41:03.595  INFO 8089 --- [main] s.w.s.m.m.a.RequestMappingHandlerMapping : Mapped "{[/v1/user/name],methods=[POST]}" onto public com.zhiyuan.finance.banking_copy.model.User com.zhiyuan.finance.banking_copy.controller.UserController.createUser(com.zhiyuan.finance.banking_copy.model.User)
2017-10-04 18:41:03.596  INFO 8089 --- [main] s.w.s.m.m.a.RequestMappingHandlerMapping : Mapped "{[/error]}" onto public org.springframework.http.ResponseEntity<java.util.Map<java.lang.String, java.lang.Object>> org.springframework.boot.autoconfigure.web.BasicErrorController.error(javax.servlet.http.HttpServletRequest)
2017-10-04 18:41:03.597  INFO 8089 --- [main] s.w.s.m.m.a.RequestMappingHandlerMapping : Mapped "{[/error],produces=[text/html]}" onto public org.springframework.web.servlet.ModelAndView org.springframework.boot.autoconfigure.web.BasicErrorController.errorHtml(javax.servlet.http.HttpServletRequest,javax.servlet.http.HttpServletResponse)
2017-10-04 18:41:03.636  INFO 8089 --- [main] o.s.w.s.handler.SimpleUrlHandlerMapping  : Mapped URL path [/webjars/**] onto handler of type [class org.springframework.web.servlet.resource.ResourceHttpRequestHandler]
2017-10-04 18:41:03.636  INFO 8089 --- [main] o.s.w.s.handler.SimpleUrlHandlerMapping  : Mapped URL path [/**] onto handler of type [class org.springframework.web.servlet.resource.ResourceHttpRequestHandler]
2017-10-04 18:41:03.674  INFO 8089 --- [main] o.s.w.s.handler.SimpleUrlHandlerMapping  : Mapped URL path [/**/favicon.ico] onto handler of type [class org.springframework.web.servlet.resource.ResourceHttpRequestHandler]
2017-10-04 18:41:03.988  INFO 8089 --- [main] o.s.j.e.a.AnnotationMBeanExporter        : Registering beans for JMX exposure on startup
2017-10-04 18:41:04.037  INFO 8089 --- [main] s.b.c.e.t.TomcatEmbeddedServletContainer : Tomcat started on port(s): 9090 (http)
2017-10-04 18:41:04.041  INFO 8089 --- [main] com.zhiyuan.finance.banking_copy.App     : Started App in 14.644 seconds (JVM running for 25.128)
2017-10-04 18:41:28.258  INFO 8089 --- [http-nio-9090-exec-1] o.a.c.c.C.[Tomcat].[localhost].[/]       : Initializing Spring FrameworkServlet 'dispatcherServlet'
2017-10-04 18:41:28.258  INFO 8089 --- [http-nio-9090-exec-1] o.s.web.servlet.DispatcherServlet        : FrameworkServlet 'dispatcherServlet': initialization started
2017-10-04 18:41:28.279  INFO 8089 --- [http-nio-9090-exec-1] o.s.web.servlet.DispatcherServlet        : FrameworkServlet 'dispatcherServlet': initialization completed in 21 ms
2017-10-04 18:41:28.385  INFO 8089 --- [http-nio-9090-exec-1] c.z.f.b.controller.UserController        : name: Mike
2017-10-04 18:41:28.385  INFO 8089 --- [http-nio-9090-exec-1] c.z.f.b.controller.UserController        : city: San Jose
2017-10-04 18:41:28.388  INFO 8089 --- [http-nio-9090-exec-1] c.z.f.b.util.MonitoringService           : Target:com.zhiyuan.finance.banking_copy.service.UserService@1e12a5a6
2017-10-04 18:41:28.389  INFO 8089 --- [http-nio-9090-exec-1] c.z.f.b.util.MonitoringService           : Before advice invoked createUser
2017-10-04 18:41:28.395  INFO 8089 --- [http-nio-9090-exec-1] c.z.f.banking_copy.service.UserService   : Saving data for Mike
2017-10-04 18:41:28.468  INFO 8089 --- [http-nio-9090-exec-1] c.z.f.b.util.MonitoringService           : Target:com.zhiyuan.finance.banking_copy.service.UserService@1e12a5a6
2017-10-04 18:41:28.468  INFO 8089 --- [http-nio-9090-exec-1] c.z.f.b.util.MonitoringService           : After advice invoked createUser
2017-10-04 19:04:03.621  INFO 8089 --- [http-nio-9090-exec-5] c.z.f.b.controller.UserController        : name: Mike
2017-10-04 19:04:03.621  INFO 8089 --- [http-nio-9090-exec-5] c.z.f.b.controller.UserController        : city: San Jose
2017-10-04 19:04:03.621  INFO 8089 --- [http-nio-9090-exec-5] c.z.f.b.util.MonitoringService           : Target:com.zhiyuan.finance.banking_copy.service.UserService@1e12a5a6
2017-10-04 19:04:03.621  INFO 8089 --- [http-nio-9090-exec-5] c.z.f.b.util.MonitoringService           : Before advice invoked createUser
2017-10-04 19:04:03.621  INFO 8089 --- [http-nio-9090-exec-5] c.z.f.banking_copy.service.UserService   : Saving data for Mike
2017-10-04 19:04:03.629  INFO 8089 --- [http-nio-9090-exec-5] c.z.f.b.util.MonitoringService           : Target:com.zhiyuan.finance.banking_copy.service.UserService@1e12a5a6
2017-10-04 19:04:03.629  INFO 8089 --- [http-nio-9090-exec-5] c.z.f.b.util.MonitoringService           : After advice invoked createUser
